<?xml version="1.0" encoding="UTF-8"?>
<testsuite xmlns:xsi="http://www.w3.org/2001/XMLSchema-instance" xsi:noNamespaceSchemaLocation="https://maven.apache.org/surefire/maven-surefire-plugin/xsd/surefire-test-report.xsd" name="testrunner.TestRunner" time="33.225" tests="2" errors="0" skipped="0" failures="1">
  <properties>
[...]
</properties>
  <testcase name="Advanced Search Link" classname="Ebay Home Page Scenarios" time="10.26"/>
  <testcase name="Seach items count" classname="Ebay Home Page Scenarios" time="14.082">
    <failure message="Less than 1000 results shown" type="java.lang.AssertionError">java.lang.AssertionError: Less than 1000 results shown
</failure>
    <system-out><![CDATA[
@P1 @p22 @setCookies @Test
Scenario: Seach items count                           # Features/EbayHome.feature:10
Global Before Hook Executed
Scenario specific hook - setCookies executed
  Given I am on Eaby Home Page                        # steps.EbayHome_Steps.i_am_on_Eaby_Home_Page()
  When I serach for 'iPhone 11'                       # steps.EbayHome_Steps.i_serach_for_iPhone_11(java.lang.String)
  Then I validate atleast 100000 search items present # steps.EbayHome_Steps.i_validate_atleast_search_items_presentint(int)
      java.lang.AssertionError: Less than 1000 results shown
	at org.junit.Assert.fail(Assert.java:89)
	at steps.EbayHome_Steps.i_validate_atleast_search_items_presentint(EbayHome_Steps.java:53)
	at ✽.I validate atleast 100000 search items present(file:///C:/Users/rama.r/eclipse-workspace/CucumberFullproject/Features/EbayHome.feature:13)


    Embedding Seach items count [image/png 332337 bytes]

Global After Hook Executed
Scenario specific hook - testAfterHook executed
]]></system-out>
    <system-err><![CDATA[Starting ChromeDriver 105.0.5195.52 (412c95e518836d8a7d97250d62b29c2ae6a26a85-refs/branch-heads/5195@{#853}) on port 62812
Only local connections are allowed.
Please see https://chromedriver.chromium.org/security-considerations for suggestions on keeping ChromeDriver safe.
ChromeDriver was started successfully.
Sep 12, 2022 1:34:33 PM org.openqa.selenium.remote.ProtocolHandshake createSession
INFO: Detected upstream dialect: W3C
Sep 12, 2022 1:34:33 PM org.openqa.selenium.devtools.CdpVersionFinder findNearestMatch
WARNING: Unable to find an exact match for CDP version 105, so returning the closest version found: 104
Sep 12, 2022 1:34:33 PM org.openqa.selenium.devtools.CdpVersionFinder findNearestMatch
INFO: Found CDP implementation for version 105 of 104
]]></system-err>
  </testcase>
</testsuite>