-------------------------------------------------------------------------------
Test set: testrunner.TestRunner
-------------------------------------------------------------------------------
Tests run: 2, Failures: 1, Errors: 0, Skipped: 0, Time elapsed: 33.225 s <<< FAILURE! - in testrunner.TestRunner
Seach items count(Ebay Home Page Scenarios)  Time elapsed: 14.082 s  <<< FAILURE!
java.lang.AssertionError: Less than 1000 results shown

